<?xml version="1.0" encoding="UTF-8"?>
<!-- Generated by org.testng.reporters.JUnitReportReporter -->
<testsuite hostname="PC" failures="0" tests="1" name="testcases.Navigateandsearch" time="22.665" errors="0" timestamp="2022-04-13T16:23:52 SAST" skipped="0">
  <testcase classname="testcases.Navigateandsearch" name="Homenavigation" time="22.665"/>
  <system-out/>
</testsuite> <!-- testcases.Navigateandsearch -->
